<?xml version="1.0" encoding="UTF-8"?>
<!-- Generated by org.testng.reporters.JUnitXMLReporter -->
<testsuite ignored="0" hostname="nitesh-PC" failures="0" tests="6" name="TestBeforeTest" time="0.159" errors="0" timestamp="2022-05-23T15:20:26 IST">
  <testcase classname="testPack1510.testNGclass2" name="test2A" time="0.011"/>
  <testcase classname="testPack1510.testNGclass2" name="test2B" time="0.004"/>
  <testcase classname="testPack1510.testNGclass2" name="test2C" time="0.003"/>
  <testcase classname="testPack1510.TestNG_RunProg" name="testA" time="0.004"/>
  <testcase classname="testPack1510.TestNG_RunProg" name="testB" time="0.006"/>
  <testcase classname="testPack1510.TestNG_RunProg" name="testC" time="0.004"/>
</testsuite> <!-- TestBeforeTest -->
