<?xml version="1.0" encoding="UTF-8"?>
<testng-results ignored="0" total="2" passed="1" failed="0" skipped="1">
  <reporter-output>
  </reporter-output>
  <suite started-at="2022-05-23T15:42:34 IST" name="SuiteCrossB" finished-at="2022-05-23T15:43:32 IST" duration-ms="57639">
    <groups>
    </groups>
    <test started-at="2022-05-23T15:42:34 IST" name="ChromeBrowser" finished-at="2022-05-23T15:43:31 IST" duration-ms="57104">
      <class name="testPack1510.testHRM20">
        <test-method is-config="true" signature="browserOpening(java.lang.String)[pri:0, instance:testPack1510.testHRM20@48ae9b55]" started-at="2022-05-23T15:42:34 IST" name="browserOpening" finished-at="2022-05-23T15:42:49 IST" duration-ms="14430" status="PASS">
          <params>
            <param index="0">
              <value>
                <![CDATA[ChromeBrowser]]>
              </value>
            </param>
          </params>
          <reporter-output>
          </reporter-output>
        </test-method> <!-- browserOpening -->
        <test-method is-config="true" signature="launchTheBrowser()[pri:0, instance:testPack1510.testHRM20@48ae9b55]" started-at="2022-05-23T15:42:49 IST" name="launchTheBrowser" finished-at="2022-05-23T15:42:49 IST" duration-ms="112" status="PASS">
          <reporter-output>
          </reporter-output>
        </test-method> <!-- launchTheBrowser -->
        <test-method is-config="true" signature="LoginToHrm()[pri:0, instance:testPack1510.testHRM20@48ae9b55]" started-at="2022-05-23T15:42:49 IST" name="LoginToHrm" finished-at="2022-05-23T15:43:25 IST" duration-ms="35653" status="PASS">
          <reporter-output>
          </reporter-output>
        </test-method> <!-- LoginToHrm -->
        <test-method signature="print()[pri:0, instance:testPack1510.testHRM20@48ae9b55]" started-at="2022-05-23T15:43:25 IST" name="print" finished-at="2022-05-23T15:43:25 IST" duration-ms="23" status="PASS">
          <reporter-output>
          </reporter-output>
        </test-method> <!-- print -->
        <test-method is-config="true" signature="LogOut()[pri:0, instance:testPack1510.testHRM20@48ae9b55]" started-at="2022-05-23T15:43:25 IST" name="LogOut" finished-at="2022-05-23T15:43:31 IST" duration-ms="6250" status="PASS">
          <reporter-output>
          </reporter-output>
        </test-method> <!-- LogOut -->
        <test-method is-config="true" signature="ClearPOMobjects()[pri:0, instance:testPack1510.testHRM20@48ae9b55]" started-at="2022-05-23T15:43:31 IST" name="ClearPOMobjects" finished-at="2022-05-23T15:43:31 IST" duration-ms="1" status="PASS">
          <reporter-output>
          </reporter-output>
        </test-method> <!-- ClearPOMobjects -->
        <test-method is-config="true" signature="closeTheBrowser()[pri:0, instance:testPack1510.testHRM20@48ae9b55]" started-at="2022-05-23T15:43:31 IST" name="closeTheBrowser" finished-at="2022-05-23T15:43:31 IST" duration-ms="513" status="PASS">
          <reporter-output>
          </reporter-output>
        </test-method> <!-- closeTheBrowser -->
      </class> <!-- testPack1510.testHRM20 -->
    </test> <!-- ChromeBrowser -->
    <test started-at="2022-05-23T15:43:32 IST" name="FirefoxBrowser" finished-at="2022-05-23T15:43:32 IST" duration-ms="283">
      <class name="testPack1510.testHRM20">
        <test-method is-config="true" signature="browserOpening(java.lang.String)[pri:0, instance:testPack1510.testHRM20@333291e3]" started-at="2022-05-23T15:43:32 IST" name="browserOpening" finished-at="2022-05-23T15:43:32 IST" duration-ms="155" status="FAIL">
          <params>
            <param index="0">
              <value>
                <![CDATA[FirefoxBrowser]]>
              </value>
            </param>
          </params>
          <exception class="java.lang.IllegalStateException">
            <message>
              <![CDATA[The path to the driver executable must be set by the webdriver.gecko.driver system property; for more information, see https://github.com/mozilla/geckodriver. The latest version can be downloaded from https://github.com/mozilla/geckodriver/releases]]>
            </message>
            <full-stacktrace>
              <![CDATA[java.lang.IllegalStateException: The path to the driver executable must be set by the webdriver.gecko.driver system property; for more information, see https://github.com/mozilla/geckodriver. The latest version can be downloaded from https://github.com/mozilla/geckodriver/releases
at com.google.common.base.Preconditions.checkState(Preconditions.java:847)
at org.openqa.selenium.remote.service.DriverService.findExecutable(DriverService.java:134)
at org.openqa.selenium.firefox.GeckoDriverService.access$100(GeckoDriverService.java:44)
at org.openqa.selenium.firefox.GeckoDriverService$Builder.findDefaultExecutable(GeckoDriverService.java:167)
at org.openqa.selenium.remote.service.DriverService$Builder.build(DriverService.java:355)
at org.openqa.selenium.firefox.FirefoxDriver.toExecutor(FirefoxDriver.java:190)
at org.openqa.selenium.firefox.FirefoxDriver.<init>(FirefoxDriver.java:147)
at org.openqa.selenium.firefox.FirefoxDriver.<init>(FirefoxDriver.java:125)
at crossBrowserSetting.Base.openFireFoxBrowser(Base.java:19)
at testPack1510.testHRM20.browserOpening(testHRM20.java:37)
at java.base/jdk.internal.reflect.NativeMethodAccessorImpl.invoke0(Native Method)
at java.base/jdk.internal.reflect.NativeMethodAccessorImpl.invoke(NativeMethodAccessorImpl.java:77)
at java.base/jdk.internal.reflect.DelegatingMethodAccessorImpl.invoke(DelegatingMethodAccessorImpl.java:43)
at java.base/java.lang.reflect.Method.invoke(Method.java:568)
at org.testng.internal.MethodInvocationHelper.invokeMethod(MethodInvocationHelper.java:133)
at org.testng.internal.MethodInvocationHelper.invokeMethodConsideringTimeout(MethodInvocationHelper.java:62)
at org.testng.internal.ConfigInvoker.invokeConfigurationMethod(ConfigInvoker.java:385)
at org.testng.internal.ConfigInvoker.invokeConfigurations(ConfigInvoker.java:321)
at org.testng.TestRunner.invokeTestConfigurations(TestRunner.java:637)
at org.testng.TestRunner.beforeRun(TestRunner.java:627)
at org.testng.TestRunner.run(TestRunner.java:589)
at org.testng.SuiteRunner.runTest(SuiteRunner.java:377)
at org.testng.SuiteRunner.runSequentially(SuiteRunner.java:371)
at org.testng.SuiteRunner.privateRun(SuiteRunner.java:332)
at org.testng.SuiteRunner.run(SuiteRunner.java:276)
at org.testng.SuiteRunnerWorker.runSuite(SuiteRunnerWorker.java:53)
at org.testng.SuiteRunnerWorker.run(SuiteRunnerWorker.java:96)
at org.testng.TestNG.runSuitesSequentially(TestNG.java:1212)
at org.testng.TestNG.runSuitesLocally(TestNG.java:1134)
at org.testng.TestNG.runSuites(TestNG.java:1063)
at org.testng.TestNG.run(TestNG.java:1031)
at org.testng.remote.AbstractRemoteTestNG.run(AbstractRemoteTestNG.java:115)
at org.testng.remote.RemoteTestNG.initAndRun(RemoteTestNG.java:251)
at org.testng.remote.RemoteTestNG.main(RemoteTestNG.java:77)
]]>
            </full-stacktrace>
          </exception> <!-- java.lang.IllegalStateException -->
          <reporter-output>
          </reporter-output>
        </test-method> <!-- browserOpening -->
        <test-method is-config="true" signature="launchTheBrowser()[pri:0, instance:testPack1510.testHRM20@333291e3]" started-at="2022-05-23T15:43:32 IST" name="launchTheBrowser" finished-at="1970-01-01T05:30:00 IST" duration-ms="-1653300812410" status="SKIP">
          <reporter-output>
          </reporter-output>
        </test-method> <!-- launchTheBrowser -->
        <test-method is-config="true" signature="LoginToHrm()[pri:0, instance:testPack1510.testHRM20@333291e3]" started-at="2022-05-23T15:43:32 IST" name="LoginToHrm" finished-at="1970-01-01T05:30:00 IST" duration-ms="-1653300812421" status="SKIP">
          <reporter-output>
          </reporter-output>
        </test-method> <!-- LoginToHrm -->
        <test-method signature="print()[pri:0, instance:testPack1510.testHRM20@333291e3]" started-at="2022-05-23T15:43:32 IST" name="print" finished-at="2022-05-23T15:43:32 IST" duration-ms="0" status="SKIP">
          <exception class="java.lang.IllegalStateException">
            <message>
              <![CDATA[The path to the driver executable must be set by the webdriver.gecko.driver system property; for more information, see https://github.com/mozilla/geckodriver. The latest version can be downloaded from https://github.com/mozilla/geckodriver/releases]]>
            </message>
            <full-stacktrace>
              <![CDATA[java.lang.IllegalStateException: The path to the driver executable must be set by the webdriver.gecko.driver system property; for more information, see https://github.com/mozilla/geckodriver. The latest version can be downloaded from https://github.com/mozilla/geckodriver/releases
at com.google.common.base.Preconditions.checkState(Preconditions.java:847)
at org.openqa.selenium.remote.service.DriverService.findExecutable(DriverService.java:134)
at org.openqa.selenium.firefox.GeckoDriverService.access$100(GeckoDriverService.java:44)
at org.openqa.selenium.firefox.GeckoDriverService$Builder.findDefaultExecutable(GeckoDriverService.java:167)
at org.openqa.selenium.remote.service.DriverService$Builder.build(DriverService.java:355)
at org.openqa.selenium.firefox.FirefoxDriver.toExecutor(FirefoxDriver.java:190)
at org.openqa.selenium.firefox.FirefoxDriver.<init>(FirefoxDriver.java:147)
at org.openqa.selenium.firefox.FirefoxDriver.<init>(FirefoxDriver.java:125)
at crossBrowserSetting.Base.openFireFoxBrowser(Base.java:19)
at testPack1510.testHRM20.browserOpening(testHRM20.java:37)
at java.base/jdk.internal.reflect.NativeMethodAccessorImpl.invoke0(Native Method)
at java.base/jdk.internal.reflect.NativeMethodAccessorImpl.invoke(NativeMethodAccessorImpl.java:77)
at java.base/jdk.internal.reflect.DelegatingMethodAccessorImpl.invoke(DelegatingMethodAccessorImpl.java:43)
at java.base/java.lang.reflect.Method.invoke(Method.java:568)
at org.testng.internal.MethodInvocationHelper.invokeMethod(MethodInvocationHelper.java:133)
at org.testng.internal.MethodInvocationHelper.invokeMethodConsideringTimeout(MethodInvocationHelper.java:62)
at org.testng.internal.ConfigInvoker.invokeConfigurationMethod(ConfigInvoker.java:385)
at org.testng.internal.ConfigInvoker.invokeConfigurations(ConfigInvoker.java:321)
at org.testng.TestRunner.invokeTestConfigurations(TestRunner.java:637)
at org.testng.TestRunner.beforeRun(TestRunner.java:627)
at org.testng.TestRunner.run(TestRunner.java:589)
at org.testng.SuiteRunner.runTest(SuiteRunner.java:377)
at org.testng.SuiteRunner.runSequentially(SuiteRunner.java:371)
at org.testng.SuiteRunner.privateRun(SuiteRunner.java:332)
at org.testng.SuiteRunner.run(SuiteRunner.java:276)
at org.testng.SuiteRunnerWorker.runSuite(SuiteRunnerWorker.java:53)
at org.testng.SuiteRunnerWorker.run(SuiteRunnerWorker.java:96)
at org.testng.TestNG.runSuitesSequentially(TestNG.java:1212)
at org.testng.TestNG.runSuitesLocally(TestNG.java:1134)
at org.testng.TestNG.runSuites(TestNG.java:1063)
at org.testng.TestNG.run(TestNG.java:1031)
at org.testng.remote.AbstractRemoteTestNG.run(AbstractRemoteTestNG.java:115)
at org.testng.remote.RemoteTestNG.initAndRun(RemoteTestNG.java:251)
at org.testng.remote.RemoteTestNG.main(RemoteTestNG.java:77)
]]>
            </full-stacktrace>
          </exception> <!-- java.lang.IllegalStateException -->
          <reporter-output>
          </reporter-output>
        </test-method> <!-- print -->
        <test-method is-config="true" signature="LogOut()[pri:0, instance:testPack1510.testHRM20@333291e3]" started-at="2022-05-23T15:43:32 IST" name="LogOut" finished-at="1970-01-01T05:30:00 IST" duration-ms="-1653300812448" status="SKIP">
          <reporter-output>
          </reporter-output>
        </test-method> <!-- LogOut -->
        <test-method is-config="true" signature="ClearPOMobjects()[pri:0, instance:testPack1510.testHRM20@333291e3]" started-at="2022-05-23T15:43:32 IST" name="ClearPOMobjects" finished-at="1970-01-01T05:30:00 IST" duration-ms="-1653300812474" status="SKIP">
          <reporter-output>
          </reporter-output>
        </test-method> <!-- ClearPOMobjects -->
        <test-method is-config="true" signature="closeTheBrowser()[pri:0, instance:testPack1510.testHRM20@333291e3]" started-at="2022-05-23T15:43:32 IST" name="closeTheBrowser" finished-at="1970-01-01T05:30:00 IST" duration-ms="-1653300812483" status="SKIP">
          <reporter-output>
          </reporter-output>
        </test-method> <!-- closeTheBrowser -->
      </class> <!-- testPack1510.testHRM20 -->
    </test> <!-- FirefoxBrowser -->
  </suite> <!-- SuiteCrossB -->
</testng-results>
