<?xml version="1.0" encoding="UTF-8"?>
<!-- Generated by org.testng.reporters.JUnitXMLReporter -->
<testsuite ignored="0" hostname="nitesh-PC" failures="0" tests="4" name="TestParallel" time="27.176" errors="0" timestamp="2022-05-23T15:08:36 IST">
  <testcase classname="testPack1510.testHRM20" name="@BeforeMethod LoginToHrm" time="7.789">
    <failure type="java.lang.NullPointerException" message="Cannot invoke &amp;quot;pomPackage1510.pomHRM20.sendUserName()&amp;quot; because &amp;quot;this.rr&amp;quot; is null">
      <![CDATA[java.lang.NullPointerException: Cannot invoke "pomPackage1510.pomHRM20.sendUserName()" because "this.rr" is null
at testPack1510.testHRM20.LoginToHrm(testHRM20.java:57)
at java.base/java.util.concurrent.ThreadPoolExecutor.runWorker(ThreadPoolExecutor.java:1136)
at java.base/java.util.concurrent.ThreadPoolExecutor$Worker.run(ThreadPoolExecutor.java:635)
at java.base/java.lang.Thread.run(Thread.java:833)
... Removed 16 stack frames]]>
    </failure>
  </testcase> <!-- @BeforeMethod LoginToHrm -->
  <testcase classname="testPack1510.testHRM20" name="@AfterMethod LogOut" time="-1.653298714708E9">
    <skipped/>
  </testcase> <!-- @AfterMethod LogOut -->
  <testcase classname="testPack1510.testHRM20" name="@AfterClass ClearPOMobjects" time="-1.653298714716E9">
    <skipped/>
  </testcase> <!-- @AfterClass ClearPOMobjects -->
  <testcase classname="testPack1510.TestNG_RunProg" name="testA" time="0.024"/>
  <testcase classname="testPack1510.TestNG_RunProg" name="testB" time="0.005"/>
  <testcase classname="testPack1510.TestNG_RunProg" name="testC" time="0.005"/>
  <testcase classname="testPack1510.testHRM20" name="print" time="0.0">
    <skipped/>
  </testcase> <!-- print -->
</testsuite> <!-- TestParallel -->
